d:\gitrepositories\cpp\2deditor\2dnew\debug\vc142.pdb
d:\gitrepositories\cpp\2deditor\2dnew\debug\vc142.idb
d:\gitrepositories\cpp\2deditor\2dnew\debug\viewport.obj
d:\gitrepositories\cpp\2deditor\2dnew\debug\segment.obj
d:\gitrepositories\cpp\2deditor\2dnew\debug\point.obj
d:\gitrepositories\cpp\2deditor\2dnew\debug\node.obj
d:\gitrepositories\cpp\2deditor\2dnew\debug\matrix.obj
d:\gitrepositories\cpp\2deditor\2dnew\debug\main.obj
d:\gitrepositories\cpp\2deditor\2dnew\debug\engine.obj
d:\gitrepositories\cpp\2deditor\2dnew\debug\draw.obj
d:\gitrepositories\cpp\2deditor\2dnew\debug\base_shape.obj
d:\gitrepositories\cpp\2deditor\2dnew\debug\action.obj
d:\gitrepositories\cpp\2deditor\2dnew\debug\2dnew.res
d:\gitrepositories\cpp\2deditor\2dnew\debug\2dnew.tlog\cl.command.1.tlog
d:\gitrepositories\cpp\2deditor\2dnew\debug\2dnew.tlog\cl.read.1.tlog
d:\gitrepositories\cpp\2deditor\2dnew\debug\2dnew.tlog\cl.write.1.tlog
d:\gitrepositories\cpp\2deditor\2dnew\debug\2dnew.tlog\link.command.1.tlog
d:\gitrepositories\cpp\2deditor\2dnew\debug\2dnew.tlog\link.read.1.tlog
d:\gitrepositories\cpp\2deditor\2dnew\debug\2dnew.tlog\link.write.1.tlog
d:\gitrepositories\cpp\2deditor\2dnew\debug\2dnew.tlog\rc.command.1.tlog
d:\gitrepositories\cpp\2deditor\2dnew\debug\2dnew.tlog\rc.read.1.tlog
d:\gitrepositories\cpp\2deditor\2dnew\debug\2dnew.tlog\rc.write.1.tlog
